HBuilder-Integrate-AS_c/simpleDemo/build/intermediates/manifest_merge_blame_file/debug/manifest-merger-blame-debug-report.txt
1<?xml version="1.0" encoding="utf-8"?>
2<manifest xmlns:android="http://schemas.android.com/apk/res/android"
3    package="com.android.simple"
4    android:versionCode="1"
5    android:versionName="1.0" >
6
7    <uses-sdk
8        android:minSdkVersion="21"
8-->src\main\AndroidManifest.xml
9        android:targetSdkVersion="28" />
9-->src\main\AndroidManifest.xml
10
11    <supports-screens
11-->[lib.5plus.base-release.aar] AndroidManifest.xml:9:5-14:39
12        android:anyDensity="true"
12-->[lib.5plus.base-release.aar] AndroidManifest.xml:10:9-34
13        android:largeScreens="true"
13-->[lib.5plus.base-release.aar] AndroidManifest.xml:11:9-36
14        android:normalScreens="true"
14-->[lib.5plus.base-release.aar] AndroidManifest.xml:12:9-37
15        android:resizeable="true"
15-->[lib.5plus.base-release.aar] AndroidManifest.xml:13:9-34
16        android:smallScreens="true" />
16-->[lib.5plus.base-release.aar] AndroidManifest.xml:14:9-36
17
18    <uses-permission android:name="android.permission.WRITE_EXTERNAL_STORAGE" />
18-->[lib.5plus.base-release.aar] AndroidManifest.xml:16:5-81
18-->[lib.5plus.base-release.aar] AndroidManifest.xml:16:22-78
19    <uses-permission android:name="android.permission.INTERNET" />
19-->[lib.5plus.base-release.aar] AndroidManifest.xml:17:5-67
19-->[lib.5plus.base-release.aar] AndroidManifest.xml:17:22-64
20    <uses-permission android:name="android.permission.ACCESS_NETWORK_STATE" />
20-->[lib.5plus.base-release.aar] AndroidManifest.xml:18:5-79
20-->[lib.5plus.base-release.aar] AndroidManifest.xml:18:22-76
21    <!--
22    <uses-permission
23        android:name="com.android.launcher.permission.UNINSTALL_SHORTCUT" />
24    -->
25    <!-- 华为修改角标需要设置权限 -->
26    <uses-permission android:name="com.huawei.android.launcher.permission.CHANGE_BADGE" /> <!-- vivo 修改角标需要设置权限 -->
26-->[lib.5plus.base-release.aar] AndroidManifest.xml:24:5-91
26-->[lib.5plus.base-release.aar] AndroidManifest.xml:24:22-88
27    <uses-permission android:name="com.vivo.notification.permission.BADGE_ICON" />
27-->[lib.5plus.base-release.aar] AndroidManifest.xml:26:5-83
27-->[lib.5plus.base-release.aar] AndroidManifest.xml:26:22-80
28
29    <queries>
29-->[lib.5plus.base-release.aar] AndroidManifest.xml:28:5-37:15
30        <intent>
30-->[lib.5plus.base-release.aar] AndroidManifest.xml:29:9-31:18
31            <action android:name="android.intent.action.MAIN" />
31-->src\main\AndroidManifest.xml:22:17-69
31-->src\main\AndroidManifest.xml:22:25-66
32        </intent>
33        <intent>
33-->[lib.5plus.base-release.aar] AndroidManifest.xml:32:9-36:18
34            <action android:name="android.intent.action.VIEW" />
34-->src\main\AndroidManifest.xml:38:17-69
34-->src\main\AndroidManifest.xml:38:25-66
35
36            <category android:name="android.intent.category.DEFAULT" />
36-->src\main\AndroidManifest.xml:36:17-76
36-->src\main\AndroidManifest.xml:36:27-73
37        </intent>
38    </queries>
39
40    <uses-permission android:name="android.permission.READ_EXTERNAL_STORAGE" />
41    <uses-permission android:name="com.asus.msa.SupplementaryDID.ACCESS" />
41-->[oaid_sdk_1.0.25.aar] AndroidManifest.xml:13:5-76
41-->[oaid_sdk_1.0.25.aar] AndroidManifest.xml:13:22-73
42    <uses-permission android:name="freemme.permission.msa" />
42-->[oaid_sdk_1.0.25.aar] AndroidManifest.xml:15:5-62
42-->[oaid_sdk_1.0.25.aar] AndroidManifest.xml:15:22-59
43
44    <application
44-->src\main\AndroidManifest.xml:5:5-54:19
45        android:name="io.dcloud.application.DCloudApplication"
45-->[lib.5plus.base-release.aar] AndroidManifest.xml:170:9-63
46        android:allowBackup="true"
46-->src\main\AndroidManifest.xml:6:9-35
47        android:allowClearUserData="true"
47-->src\main\AndroidManifest.xml:7:9-42
48        android:appComponentFactory="androidx.core.app.CoreComponentFactory"
48-->[androidx.core:core:1.0.0] AndroidManifest.xml:22:18-86
49        android:debuggable="true"
50        android:extractNativeLibs="true"
50-->[uniapp-v8-release.aar] AndroidManifest.xml:29:18-50
51        android:icon="@drawable/icon"
51-->src\main\AndroidManifest.xml:8:9-38
52        android:label="@string/app_name"
52-->src\main\AndroidManifest.xml:9:9-41
53        android:largeHeap="true"
53-->src\main\AndroidManifest.xml:10:9-33
54        android:supportsRtl="true"
54-->src\main\AndroidManifest.xml:11:9-35
55        android:usesCleartextTraffic="true" >
55-->[lib.5plus.base-release.aar] AndroidManifest.xml:172:9-44
56        <activity
56-->src\main\AndroidManifest.xml:12:9-25:20
57            android:name="io.dcloud.PandoraEntry"
57-->src\main\AndroidManifest.xml:13:13-50
58            android:configChanges="orientation|keyboardHidden|keyboard|navigation"
58-->src\main\AndroidManifest.xml:14:13-83
59            android:hardwareAccelerated="true"
59-->src\main\AndroidManifest.xml:17:13-47
60            android:label="@string/app_name"
60-->src\main\AndroidManifest.xml:15:13-45
61            android:launchMode="singleTask"
61-->src\main\AndroidManifest.xml:16:13-44
62            android:screenOrientation="user"
62-->src\main\AndroidManifest.xml:19:13-45
63            android:theme="@style/TranslucentTheme"
63-->src\main\AndroidManifest.xml:18:13-52
64            android:windowSoftInputMode="adjustResize" >
64-->src\main\AndroidManifest.xml:20:13-55
65            <intent-filter>
65-->src\main\AndroidManifest.xml:21:13-24:29
66                <action android:name="android.intent.action.MAIN" />
66-->src\main\AndroidManifest.xml:22:17-69
66-->src\main\AndroidManifest.xml:22:25-66
67
68                <category android:name="android.intent.category.LAUNCHER" />
68-->src\main\AndroidManifest.xml:23:17-77
68-->src\main\AndroidManifest.xml:23:27-74
69            </intent-filter>
70        </activity>
71        <activity
71-->src\main\AndroidManifest.xml:26:9-41:20
72            android:name="io.dcloud.PandoraEntryActivity"
72-->src\main\AndroidManifest.xml:27:13-58
73            android:configChanges="orientation|keyboardHidden|screenSize|mcc|mnc|fontScale|keyboard|smallestScreenSize|screenLayout|screenSize"
73-->src\main\AndroidManifest.xml:29:13-144
74            android:hardwareAccelerated="true"
74-->src\main\AndroidManifest.xml:30:13-47
75            android:launchMode="singleTask"
75-->src\main\AndroidManifest.xml:28:13-44
76            android:permission="com.miui.securitycenter.permission.AppPermissionsEditor"
76-->src\main\AndroidManifest.xml:31:13-89
77            android:screenOrientation="user"
77-->src\main\AndroidManifest.xml:32:13-45
78            android:theme="@style/DCloudTheme"
78-->src\main\AndroidManifest.xml:33:13-47
79            android:windowSoftInputMode="adjustResize" >
79-->src\main\AndroidManifest.xml:34:13-55
80            <intent-filter>
80-->src\main\AndroidManifest.xml:35:13-40:29
81                <category android:name="android.intent.category.DEFAULT" />
81-->src\main\AndroidManifest.xml:36:17-76
81-->src\main\AndroidManifest.xml:36:27-73
82                <category android:name="android.intent.category.BROWSABLE" />
82-->src\main\AndroidManifest.xml:37:17-78
82-->src\main\AndroidManifest.xml:37:27-75
83
84                <action android:name="android.intent.action.VIEW" />
84-->src\main\AndroidManifest.xml:38:17-69
84-->src\main\AndroidManifest.xml:38:25-66
85
86                <data android:scheme="h56131bcf" />
86-->src\main\AndroidManifest.xml:39:17-52
86-->src\main\AndroidManifest.xml:39:23-49
87            </intent-filter>
88        </activity>
89
90        <provider
90-->src\main\AndroidManifest.xml:42:9-50:20
91            android:name="io.dcloud.common.util.DCloud_FileProvider"
91-->src\main\AndroidManifest.xml:43:13-69
92            android:authorities="com.android.simple.dc.fileprovider"
92-->src\main\AndroidManifest.xml:44:13-69
93            android:exported="false"
93-->src\main\AndroidManifest.xml:45:13-37
94            android:grantUriPermissions="true" >
94-->src\main\AndroidManifest.xml:46:13-47
95            <meta-data
95-->src\main\AndroidManifest.xml:47:13-49:64
96                android:name="android.support.FILE_PROVIDER_PATHS"
96-->src\main\AndroidManifest.xml:48:17-67
97                android:resource="@xml/dcloud_file_provider" />
97-->src\main\AndroidManifest.xml:49:17-61
98        </provider>
99
100        <meta-data
100-->src\main\AndroidManifest.xml:51:9-53:64
101            android:name="dcloud_appkey"
101-->src\main\AndroidManifest.xml:52:13-41
102            android:value="3f4b0a2ece1e41eb2a6e25cbf36e8f8c" />
102-->src\main\AndroidManifest.xml:53:13-61
103
104        <activity
104-->[lib.5plus.base-release.aar] AndroidManifest.xml:173:9-176:40
105            android:name="io.dcloud.imagepick.CustomGalleryActivity"
105-->[lib.5plus.base-release.aar] AndroidManifest.xml:174:13-69
106            android:exported="false"
106-->[lib.5plus.base-release.aar] AndroidManifest.xml:175:13-37
107            android:noHistory="true" />
107-->[lib.5plus.base-release.aar] AndroidManifest.xml:176:13-37
108        <activity
108-->[lib.5plus.base-release.aar] AndroidManifest.xml:177:9-183:58
109            android:name="io.dcloud.feature.nativeObj.photoview.PhotoActivity"
109-->[lib.5plus.base-release.aar] AndroidManifest.xml:178:13-79
110            android:configChanges="orientation|keyboardHidden"
110-->[lib.5plus.base-release.aar] AndroidManifest.xml:179:13-63
111            android:exported="false"
111-->[lib.5plus.base-release.aar] AndroidManifest.xml:180:13-37
112            android:noHistory="false"
112-->[lib.5plus.base-release.aar] AndroidManifest.xml:181:13-38
113            android:screenOrientation="behind"
113-->[lib.5plus.base-release.aar] AndroidManifest.xml:182:13-47
114            android:theme="@style/DeviceDefault.Light" />
114-->[lib.5plus.base-release.aar] AndroidManifest.xml:183:13-55
115        <activity
115-->[lib.5plus.base-release.aar] AndroidManifest.xml:184:9-194:58
116            android:name="io.dcloud.WebAppActivity"
116-->[lib.5plus.base-release.aar] AndroidManifest.xml:185:13-52
117            android:configChanges="orientation|keyboardHidden|screenSize|mcc|mnc|fontScale"
117-->[lib.5plus.base-release.aar] AndroidManifest.xml:186:13-92
118            android:hardwareAccelerated="true"
118-->[lib.5plus.base-release.aar] AndroidManifest.xml:187:13-47
119            android:icon="@drawable/dcloud_recent"
119-->[lib.5plus.base-release.aar] AndroidManifest.xml:188:13-51
120            android:label="@string/stream_my"
120-->[lib.5plus.base-release.aar] AndroidManifest.xml:189:13-46
121            android:launchMode="singleTask"
121-->[lib.5plus.base-release.aar] AndroidManifest.xml:190:13-44
122            android:screenOrientation="portrait"
122-->[lib.5plus.base-release.aar] AndroidManifest.xml:191:13-49
123            android:taskAffinity=":stream"
123-->[lib.5plus.base-release.aar] AndroidManifest.xml:192:13-43
124            android:theme="@style/DCloudTheme"
124-->[lib.5plus.base-release.aar] AndroidManifest.xml:193:13-47
125            android:windowSoftInputMode="adjustResize" />
125-->[lib.5plus.base-release.aar] AndroidManifest.xml:194:13-55
126        <activity
126-->[lib.5plus.base-release.aar] AndroidManifest.xml:195:9-199:75
127            android:name="io.dcloud.ProcessMediator"
127-->[lib.5plus.base-release.aar] AndroidManifest.xml:196:13-53
128            android:excludeFromRecents="true"
128-->[lib.5plus.base-release.aar] AndroidManifest.xml:197:13-46
129            android:exported="false"
129-->[lib.5plus.base-release.aar] AndroidManifest.xml:198:13-37
130            android:theme="@android:style/Theme.Translucent.NoTitleBar" />
130-->[lib.5plus.base-release.aar] AndroidManifest.xml:199:13-72
131        <activity
131-->[lib.5plus.base-release.aar] AndroidManifest.xml:200:9-206:20
132            android:name="io.dcloud.WebviewActivity"
132-->[lib.5plus.base-release.aar] AndroidManifest.xml:201:13-53
133            android:exported="false"
133-->[lib.5plus.base-release.aar] AndroidManifest.xml:202:13-37
134            android:screenOrientation="portrait"
134-->[lib.5plus.base-release.aar] AndroidManifest.xml:203:13-49
135            android:theme="@style/ThemeNoTitleBar"
135-->[lib.5plus.base-release.aar] AndroidManifest.xml:204:13-51
136            android:windowSoftInputMode="adjustPan" >
136-->[lib.5plus.base-release.aar] AndroidManifest.xml:205:13-52
137        </activity>
138
139        <receiver
139-->[lib.5plus.base-release.aar] AndroidManifest.xml:208:9-216:20
140            android:name="io.dcloud.common.adapter.io.DownloadReceiver"
140-->[lib.5plus.base-release.aar] AndroidManifest.xml:209:13-72
141            android:exported="false" >
141-->[lib.5plus.base-release.aar] AndroidManifest.xml:210:13-37
142            <intent-filter>
142-->[lib.5plus.base-release.aar] AndroidManifest.xml:211:13-215:29
143                <action android:name="android.intent.action.PACKAGE_ADDED" />
143-->[lib.5plus.base-release.aar] AndroidManifest.xml:212:17-78
143-->[lib.5plus.base-release.aar] AndroidManifest.xml:212:25-75
144
145                <data android:scheme="package" /> <!-- HERE! -->
145-->src\main\AndroidManifest.xml:39:17-52
145-->src\main\AndroidManifest.xml:39:23-49
146            </intent-filter>
147        </receiver> <!-- gallery******start -->
148        <activity
148-->[lib.5plus.base-release.aar] AndroidManifest.xml:219:9-224:63
149            android:name="com.dmcbig.mediapicker.PickerActivity"
149-->[lib.5plus.base-release.aar] AndroidManifest.xml:220:13-65
150            android:configChanges="orientation|screenSize"
150-->[lib.5plus.base-release.aar] AndroidManifest.xml:221:13-59
151            android:exported="false"
151-->[lib.5plus.base-release.aar] AndroidManifest.xml:222:13-37
152            android:theme="@style/DeviceDefault.Light"
152-->[lib.5plus.base-release.aar] AndroidManifest.xml:223:13-55
153            android:windowSoftInputMode="stateAlwaysHidden" />
153-->[lib.5plus.base-release.aar] AndroidManifest.xml:224:13-60
154        <activity
154-->[lib.5plus.base-release.aar] AndroidManifest.xml:225:9-230:63
155            android:name="com.dmcbig.mediapicker.PreviewActivity"
155-->[lib.5plus.base-release.aar] AndroidManifest.xml:226:13-66
156            android:configChanges="orientation|screenSize"
156-->[lib.5plus.base-release.aar] AndroidManifest.xml:227:13-59
157            android:exported="false"
157-->[lib.5plus.base-release.aar] AndroidManifest.xml:228:13-37
158            android:theme="@style/DeviceDefault.Light"
158-->[lib.5plus.base-release.aar] AndroidManifest.xml:229:13-55
159            android:windowSoftInputMode="stateAlwaysHidden" /> <!-- gallery******end -->
159-->[lib.5plus.base-release.aar] AndroidManifest.xml:230:13-60
160        <!--
161        <provider
162            android:name="io.dcloud.common.util.DCloud_FileProvider"
163            android:authorities="${apk.applicationId}.dc.fileprovider"
164            android:exported="false"
165            android:grantUriPermissions="true">
166            <meta-data
167                android:name="android.support.FILE_PROVIDER_PATHS"
168                android:resource="@xml/dcloud_file_provider" />
169        </provider>
170        -->
171        <!--
172            <meta-data
173            android:name="DCLOUD_STREAMAPP_CHANNEL"
174            android:value="io.dcloud.%APPID%|%APPID%|" />
175        -->
176        <meta-data
176-->[lib.5plus.base-release.aar] AndroidManifest.xml:251:9-253:35
177            android:name="android.max_aspect"
177-->[lib.5plus.base-release.aar] AndroidManifest.xml:252:13-46
178            android:value="2.4" />
178-->[lib.5plus.base-release.aar] AndroidManifest.xml:253:13-32
179
180        <activity
180-->[lib.5plus.base-release.aar] AndroidManifest.xml:255:9-260:63
181            android:name="io.dcloud.feature.gallery.imageedit.IMGEditActivity"
181-->[lib.5plus.base-release.aar] AndroidManifest.xml:256:13-79
182            android:configChanges="orientation|keyboardHidden|screenSize"
182-->[lib.5plus.base-release.aar] AndroidManifest.xml:257:13-74
183            android:exported="false"
183-->[lib.5plus.base-release.aar] AndroidManifest.xml:258:13-37
184            android:theme="@style/ImageEditTheme"
184-->[lib.5plus.base-release.aar] AndroidManifest.xml:259:13-50
185            android:windowSoftInputMode="stateAlwaysHidden" />
185-->[lib.5plus.base-release.aar] AndroidManifest.xml:260:13-60
186
187        <service
187-->[lib.5plus.base-release.aar] AndroidManifest.xml:262:9-265:72
188            android:name="io.dcloud.ads.base.service.DownloadService"
188-->[lib.5plus.base-release.aar] AndroidManifest.xml:263:13-70
189            android:exported="false"
189-->[lib.5plus.base-release.aar] AndroidManifest.xml:264:13-37
190            android:permission="android.permission.BIND_JOB_SERVICE" />
190-->[lib.5plus.base-release.aar] AndroidManifest.xml:265:13-69
191
192        <receiver
192-->[uniapp-v8-release.aar] AndroidManifest.xml:30:9-34:20
193            android:name="com.taobao.weex.WXGlobalEventReceiver"
193-->[uniapp-v8-release.aar] AndroidManifest.xml:31:13-65
194            android:enabled="true"
194-->[uniapp-v8-release.aar] AndroidManifest.xml:32:13-35
195            android:exported="false" >
195-->[uniapp-v8-release.aar] AndroidManifest.xml:33:13-37
196        </receiver>
197    </application>
198
199</manifest>